
**** Build of configuration Debug for project gpio_jtag ****

"C:\\ti\\ccs1280\\ccs\\utils\\bin\\gmake" -k -j 8 all -O 
 
Building file: "../startup_ccs.c"
Invoking: ARM Compiler
"C:/ti/ccs1280/ccs/tools/compiler/ti-cgt-arm_20.2.7.LTS/bin/armcl" -mv7M4 --code_state=16 --float_support=FPv4SPD16 -me -O2 --include_path="C:/Users/PC/Desktop/LSE/lse1/sw/gpio_jtag" --include_path="C:/ti/TivaWare_C_Series-2.2.0.295/examples/boards/ek-tm4c123gxl" --include_path="C:/ti/TivaWare_C_Series-2.2.0.295" --include_path="C:/ti/ccs1280/ccs/tools/compiler/ti-cgt-arm_20.2.7.LTS/include" --define=ccs="ccs" --define=PART_TM4C123GH6PM --define=TARGET_IS_TM4C123_RB1 -g --gcc --diag_warning=225 --diag_wrap=off --display_error_number --gen_func_subsections=on --abi=eabi --ual --preproc_with_compile --preproc_dependency="startup_ccs.d_raw"  "../startup_ccs.c"
Finished building: "../startup_ccs.c"
 
Building file: "../gpio_jtag.c"
Invoking: ARM Compiler
"C:/ti/ccs1280/ccs/tools/compiler/ti-cgt-arm_20.2.7.LTS/bin/armcl" -mv7M4 --code_state=16 --float_support=FPv4SPD16 -me -O2 --include_path="C:/Users/PC/Desktop/LSE/lse1/sw/gpio_jtag" --include_path="C:/ti/TivaWare_C_Series-2.2.0.295/examples/boards/ek-tm4c123gxl" --include_path="C:/ti/TivaWare_C_Series-2.2.0.295" --include_path="C:/ti/ccs1280/ccs/tools/compiler/ti-cgt-arm_20.2.7.LTS/include" --define=ccs="ccs" --define=PART_TM4C123GH6PM --define=TARGET_IS_TM4C123_RB1 -g --gcc --diag_warning=225 --diag_wrap=off --display_error_number --gen_func_subsections=on --abi=eabi --ual --preproc_with_compile --preproc_dependency="gpio_jtag.d_raw"  "../gpio_jtag.c"
Finished building: "../gpio_jtag.c"
 
Building target: "gpio_jtag.out"
Invoking: ARM Linker
"C:/ti/ccs1280/ccs/tools/compiler/ti-cgt-arm_20.2.7.LTS/bin/armcl" -mv7M4 --code_state=16 --float_support=FPv4SPD16 -me -O2 --define=ccs="ccs" --define=PART_TM4C123GH6PM --define=TARGET_IS_TM4C123_RB1 -g --gcc --diag_warning=225 --diag_wrap=off --display_error_number --gen_func_subsections=on --abi=eabi --ual -z -m"gpio_jtag_ccs.map" --heap_size=0 --stack_size=256 -i"C:/ti/ccs1280/ccs/tools/compiler/ti-cgt-arm_20.2.7.LTS/lib" -i"C:/ti/ccs1280/ccs/tools/compiler/ti-cgt-arm_20.2.7.LTS/include" --reread_libs --diag_wrap=off --display_error_number --warn_sections --xml_link_info="gpio_jtag_linkInfo.xml" --rom_model -o "gpio_jtag.out" "./gpio_jtag.obj" "./startup_ccs.obj" "../gpio_jtag_ccs.cmd"  -l"C:/ti/TivaWare_C_Series-2.2.0.295/driverlib/ccs/Debug/driverlib.lib" -llibc.a 
<Linking>
 
 undefined       first referenced
  symbol             in file     
 ---------       ----------------
 ButtonsInit     ./gpio_jtag.obj 
 ButtonsPoll     ./gpio_jtag.obj 
 UARTStdioConfig ./gpio_jtag.obj 
 UARTprintf      ./gpio_jtag.obj 
 
error #10234-D: unresolved symbols remain
error #10010: errors encountered during linking; "gpio_jtag.out" not built
 
>> Compilation failure
makefile:137: recipe for target 'gpio_jtag.out' failed
gmake[1]: *** [gpio_jtag.out] Error 1
makefile:133: recipe for target 'all' failed
gmake: *** [all] Error 2

**** Build Finished ****
